0 info it worked if it ends with ok
1 verbose cli [ 'C:\\Program Files\\nodejs\\node.exe',
1 verbose cli   'C:\\Users\\user\\AppData\\Roaming\\npm\\node_modules\\npm\\bin\\npm-cli.js',
1 verbose cli   'start' ]
2 info using npm@4.0.2
3 info using node@v6.7.0
4 verbose run-script [ 'prestart', 'start', 'poststart' ]
5 info lifecycle chapter-10@1.0.0~prestart: chapter-10@1.0.0
6 silly lifecycle chapter-10@1.0.0~prestart: no script for prestart, continuing
7 info lifecycle chapter-10@1.0.0~start: chapter-10@1.0.0
8 verbose lifecycle chapter-10@1.0.0~start: unsafe-perm in lifecycle true
9 verbose lifecycle chapter-10@1.0.0~start: PATH: C:\Users\user\AppData\Roaming\npm\node_modules\npm\bin\node-gyp-bin;C:\Node.js blueprint\section5\node_modules\.bin;C:\Users\user\AppData\Roaming\npm;C:\Program Files\nodejs\;C:\Windows\system32;C:\Windows;C:\Windows\System32\Wbem;C:\Program Files\MongoDB\Server\3.2\bin;C:\Program Files (x86)\Heroku\bin;C:\Program Files (x86)\MSBuild;C:\Program Files (x86)\git\cmd;C:\Program Files\Git\cmd;C:\Program Files (x86)\Git\cmd;C:\Users\user\AppData\Local\atom\bin;C:\Program Files\Docker Toolbox
10 verbose lifecycle chapter-10@1.0.0~start: CWD: C:\Node.js blueprint\section5
11 silly lifecycle chapter-10@1.0.0~start: Args: [ '/d /s /c', 'node server.js' ]
12 silly lifecycle chapter-10@1.0.0~start: Returned: code: 1  signal: null
13 info lifecycle chapter-10@1.0.0~start: Failed to exec start script
14 verbose stack Error: chapter-10@1.0.0 start: `node server.js`
14 verbose stack Exit status 1
14 verbose stack     at EventEmitter.<anonymous> (C:\Users\user\AppData\Roaming\npm\node_modules\npm\lib\utils\lifecycle.js:279:16)
14 verbose stack     at emitTwo (events.js:106:13)
14 verbose stack     at EventEmitter.emit (events.js:191:7)
14 verbose stack     at ChildProcess.<anonymous> (C:\Users\user\AppData\Roaming\npm\node_modules\npm\lib\utils\spawn.js:40:14)
14 verbose stack     at emitTwo (events.js:106:13)
14 verbose stack     at ChildProcess.emit (events.js:191:7)
14 verbose stack     at maybeClose (internal/child_process.js:877:16)
14 verbose stack     at Process.ChildProcess._handle.onexit (internal/child_process.js:226:5)
15 verbose pkgid chapter-10@1.0.0
16 verbose cwd C:\Node.js blueprint\section5
17 error Windows_NT 6.1.7601
18 error argv "C:\\Program Files\\nodejs\\node.exe" "C:\\Users\\user\\AppData\\Roaming\\npm\\node_modules\\npm\\bin\\npm-cli.js" "start"
19 error node v6.7.0
20 error npm  v4.0.2
21 error code ELIFECYCLE
22 error chapter-10@1.0.0 start: `node server.js`
22 error Exit status 1
23 error Failed at the chapter-10@1.0.0 start script 'node server.js'.
23 error Make sure you have the latest version of node.js and npm installed.
23 error If you do, this is most likely a problem with the chapter-10 package,
23 error not with npm itself.
23 error Tell the author that this fails on your system:
23 error     node server.js
23 error You can get information on how to open an issue for this project with:
23 error     npm bugs chapter-10
23 error Or if that isn't available, you can get their info via:
23 error     npm owner ls chapter-10
23 error There is likely additional logging output above.
24 verbose exit [ 1, true ]
